00000000000000000000
00000000000000000000
00000000000000000000
00000000000000000000
00000000000000000000
00000000000000000000
11111111111000001101
11111111101110000101
11111111111001111001
00000000001110001001
00000000010001101101
11111111111010010101
11111111101111110000
11111111110110010010
00000000000111110011
00000000011011101011
00000000000110110001
11111111011011011000
11111111011010011100
00000000010111101111
00000001000001101100
00000000000110111100
11111110101101010100
11111111001010001011
00000001001011101100
00000001101101111000
11111111011001011000
11111101100000111111
11111111011111100100
00000011000011011100
00000010001111001010
11111100110110010110
11111010101110011011
00000010011011010101
00001110010001011110
00010000001001010101
00000011001110001101
11110100010111011000
11110100011101100101
00000011000010001010
00001101010010011110
00000110000010101110
11110110110100101110
11110011111010001011
00000001010010100101
00001101000011000111
00000111001001000011
11110111011011010110
11110011010001101101
00000000100100011100
00001101010000000101
00000111110001011100
11110111011101100100
11110010110000101001
00000000010011000000
00001101101000001100
00001000000110110010
11110111010010001111
11110010100011010010
00000000010111101110
00001101101111100001
00001000000101011100
11110111001001001010
11110010001111000001
00000000010001110110
00001101111100000111
00001000010010011001
11110111001011100100
11110010010100001101
00000000011000010010
00001101111000010000
00001000001011011000
11110111001100010101
11110010010111110111
00000000010110010000
00001101110101000011
00001000001101100011
11110111001111000010
11110010010110011100
00000000010111000000
00001101111011001011
00001000001111101001
11110111001000101111
11110010010011010101
00000000011101101011
00001101111111100101
00001000001000111100
11110111000010101011
11110010011000110010
00000000100100110010
00001101111100010011
00001000000010001011
11110111000011010101
11110010011100000010
00000000100001111011
00001101110111101011
00001000000010100111
11110111000100011110
11110010011001110000
00000000100010100001
00001101111101110101
00001000000100101000
11110110111110011101
11110010010111101000
00000000101010101100
00001110000011100110
00000111111110100110
11110110110111111101
11110010011011011110
00000000101111110001
00001101111111001010
00000111111000010010
11110110111001111111
11110010011111110000
00000000101101010110
00001101111010111100
00000111111001010110
11110110111011111010
11110010011110010101
00000000101110100111
00001110000001010101
00000111111011000111
11110110110101010011
11110010011011011010
00000000110101110010
00001110000101110111
00000111110011111110
11110110101101111110
11110010011110101011
00000000111010100000
00001110000001110000
00000111101110111100
11110110110001111011
11110010100100111110
00000000111001101100
00001101111110101111
00000111110000110110
11110110110100010011
11110010100011010110
00000000111010001101
00001110000100000100
00000111110001101010
11110110101101001101
11110010100000010011
00000001000001010110
00001110001000111110
00000111101011101011
11110110100111100100
11110010100100101110
00000001000101101101
00001110000010110110
00000111100011110010
11110110101000111010
11110010101001011110
00000001000100101111
00001110000000011101
00000111100110001000
11110110101010111001
11110010100110110110
00000001000100010001
00001110000101010100
00000111100111010010
11110110100100111011
11110010100101011101
00000001001100101110
00001110001010011100
00000111100000101100
11110110011111000000
11110010101010110101
00000001010011010111
00001110000111001000
00000111011010101001
11110110100000000010
11110010101101000110
00000001001110111110
00001110000001110010
00000111011011001100
11110110100001011111
11110010101011010110
00000001010000100010
00001110001000111100
00000111011101110001
11110110011011101101
11110010101001001010
00000001010111110000
00001110001100110011
00000111010110001011
11110110010100111110
11110010101101110010
00000001011101111111
00001110001001111110
00000111010001110000
11110110011000010110
11110010110010100010
00000001011011110100
00001110000110010001
00000111010010111100
11110110011001011101
11110010101111110110
00000001011100001100
00001110001100010011
00000111010101001010
11110110010100101101
11110010101111101010
00000001100100110011
00001110001111101000
00000111001011001100
11110110001011001000
11110010110010010011
00000001101010011101
00001110001101011101
00000111001000000001
11110110001111010110
11110010110110101010
00000001100110101010
00001110000111110100
00000111001000010001
11110110010001010011
11110010110110000100
00000001101000110000
00001110001101011101
00000111000111101000
11110110001000011101
11110010110010100001
00000001110000010000
00001110010010100100
00000111000001110101
11110110000011100110
11110010111000001101
00000001110110001000
00001110001110011101
00000110111100010000
11110110000110011011
11110010111100111000
00000001110100001111
00001110001011001110
00000110111101100110
11110110000110111000
11110010111001000001
00000001110011100011
00001110010000010111
00000110111110110010
11110110000000111100
11110010110111110100
00000001111011111111
00001110010101001011
00000110111000001111
11110101111011011110
11110010111101001011
00000010000001110110
00001110010001101100
00000110110011111001
11110101111111100001
11110011000010001101
00000001111111001001
00001110001100100110
00000110110010110110
11110101111101111101
11110010111101001110
00000001111110001011
00001110010010001100
00000110110101010001
11110101111001101011
11110010111101010001
00000010000110001100
00001110010100101101
00000110101011110001
11110101110010010101
11110011000010010110
00000010001100111000
00001110010001111101
00000110100111001110
11110101110101001010
11110011000110001100
00000010001010001111
00001110001110101110
00000110101001010000
11110101110110101111
11110011000011101100
00000010001010101111
00001110010100010111
00000110101010001000
11110101110000000000
11110011000001010110
00000010010001011101
00001110010110111111
00000110100001111011
11110101101010000110
11110011000111001010
00000010010111111000
00001110010011101010
00000110011100111110
11110101101100101110
11110011001010101010
00000010010100111001
00001110010000001110
00000110011110110001
11110101101101110001
11110011000111101010
00000010010101010100
00001110010110011101
00000110100000111010
11110101101000111110
11110011000111011110
00000010011101101001
00001110011001100100
00000110011000001110
11110101100001110110
11110011001011011000
00000010100001111100
00001110010101000001
00000110010011111100
11110101100110111000
11110011010001110011
00000010100000110011
00001110010001110010
00000110010100111110
11110101100111011111
11110011001111000110
00000010100001110101
00001110011000000010
00000110010110010110
11110101100001100010
11110011001101110111
00000010101000111111
00001110011010000000
00000110001100111010
11110101011010101011
11110011010011000101
00000010101111001101
00001110010111000000
00000110001000110000
11110101011101111001
11110011010110011110
00000010101011011000
00001110010010011001
00000110001001100000
11110101011110101011
11110011010100011001
00000010101101100011
00001110011001110101
00000110001011010011
11110101010111111010
11110011010001001111
00000010110010100011
00001110011010011011
00000110000010010100
11110101010011011010
11110011011001101101
00000010111011100101
00001110011001001000
00000101111110111011
11110101010110110010
11110011011100111011
00000010110111100100
00001110010100100011
00000101111111110110
11110101010111101100
11110011011010101001
00000010111000110101
00001110011010010110
00000101111111111100
11110101010000011110
11110011011001001010
00000011000001000001
00001110011110001000
00000101111000011011
11110101001010101110
11110011011110000100
00000011000101110100
00001110011001110001
00000101110011111000
11110101001110010110
11110011100001111100
00000011000010000100
00001110010100101101
00000101110011100000
11110101001101100110
11110011011110100010
00000011000011100110
00001110011100010011
00000101110110101000
11110101001001110011
11110011011111011010
00000011001100000010
00001110011110010000
00000101101100100010
11110101000010000010
11110011100011010001
00000011010000100111
00001110011010100011
00000101101001010001
11110101000111000000
11110011101000000000
00000011001101011111
00001110010110010111
00000101101010010000
11110101000111100100
11110011100101010110
00000011001110101101
00001110011100101000
00000101101011010101
11110101000001101011
11110011100100100001
00000011010101111110
00001110011110001001
00000101100001110011
11110100111011010001
11110011101001111100
00000011011011100111
00001110011010101011
00000101011110001101
11110100111111110101
11110011101110101010
00000011011000111101
00001110010110110111
00000101011110101110
11110100111111001101
11110011101010101101
00000011011001001100
00001110011100001111
00000101011111000000
11110100111000111011
11110011101010011010
00000011100001111111
00001110011111111111
00000101010111111100
11110100110100110110
11110011110001011000
00000011101000001001
00001110011100010101
00000101010011110101
11110100111000011100
11110011110100101111
00000011100100001000
00001110010111110101
00000101010100101001
11110100111001000100
11110011110010101110
00000011100110100101
00001110011111000010
00000101010101111001
11110100110010101100
11110011110001001100
00000011101100111010
00001110011111101001
00000101001011111010
11110100101100101110
11110011110111100001
00000011110011011101
00001110011100111110
00000101001000110111
11110100110001000011
11110011111011001101
00000011101111101100
00001110011000100011
00000101001001001001
11110100110000011001
11110011110111110001
00000011110001001000
00001110011111010000
00000101001010010000
11110100101010010011
11110011110110111010
00000011111000010100
00001110100000100111
00000101000001000001
11110100100100111000
11110011111100111110
00000011111101100010
00001110011100001010
00000100111100101010
11110100101000111000
11110100000001010110
00000011111011000011
00001110011001000111
00000100111110001001
11110100101001001001
11110011111110010111
00000011111100011100
00001110011111100100
00000100111111000111
11110100100011001100
11110011111101101110
00000100000011100110
00001110100000101101
00000100110101101111
11110100011110000010
11110100000100101100
00000100001010011100
00001110011110000000
00000100110010000111
11110100100000111101
11110100000111000011
00000100000110110110
00001110011011110011
00000100110101100000
11110100100010100110
11110100000100001000
00000100000111000111
00001110100000010111
00000100110100100001
11110100011011100110
11110100000011101111
00000100001111011100
00001110100010101101
00000100101011111100
11110100010110011001
11110100001001011100
00000100010011110110
00001110011101101101
00000100100111100111
11110100011010100100
11110100001101101110
00000100010001011101
00001110011011100100
00000100101010101100
11110100011100011001
11110100001011101000
00000100010010010110
00001110011111111011
00000100101001000001
11110100010101000101
11110100001011010011
00000100011010010101
00001110100001000001
00000100011110111000
11110100001110111001
11110100010001010100
00000100100000100101
00001110011110111010
00000100011101001110
11110100010100011011
11110100010101101000
00000100011101110000
00001110011100101010
00000100100000011100
11110100010110011000
11110100010011011110
00000100011110110001
00001110100001001010
00000100011110101000
11110100001110000100
11110100010001100001
00000100100101000000
00001110100001100101
00000100010101010001
11110100001001101000
11110100011000110110
00000100101011000110
00001110011101100101
00000100010000100001
11110100001011101010
11110100011010001010
00000100100110100011
00001110011011000110
00000100010100100011
11110100001110111000
11110100011001101000
00000100101001001100
00001110100000110100
00000100010011011001
11110100000111001011
11110100011000011111
00000100110000010101
00001110100001101000
00000100001001101111
11110100000001110010
11110100011110010011
00000100110100101111
00001110011100110000
00000100000101110101
11110100000110011010
11110100100011000110
00000100110011011001
00001110011011110110
00000100001001001101
11110100000111000001
11110100011111010000
00000100110011011100
00001110100000101011
00000100001001000110
11110100000001111011
11110100100000110101
00000100111011111010
00001110100001000110
00000011111110010001
11110011111011110110
11110100100111011010
00000101000010100000
00001110011110101010
00000011111011010010
11110011111110110110
11110100101000110010
00000100111101110110
00001110011100011001
00000011111111010011
11110100000001001001
11110100100110011001
00000100111110000111
00001110011111111011
00000011111101000111
11110011111010001001
11110100100111000010
00000101000110110001
00001110100001010110
00000011110011101101
11110011110101010000
11110100101101100101
00000101001100000100
00001110011101011101
00000011110000010110
11110011111001000101
11110100110000000110
00000101000111111000
00001110011010100100
00000011110011001110
11110011111010110010
11110100101110001101
00000101001001010011
00001110011110110100
00000011110000101100
11110011110010110000
11110100101101111001
00000101010001010101
00001110100000000100
00000011100111011111
11110011101110010110
11110100110101001111
00000101010111110001
00001110011101110001
00000011100110000000
11110011110011101101
11110100111000011110
00000101010011100101
00001110011010001010
00000011100111011110
11110011110011110010
11110100110101101110
00000101010101101000
00001110100000001101
00000011100110110001
11110011101100100000
11110100110100100101
00000101011011110110
00001110011111110001
00000011011101001011
11110011101000110111
11110100111100011000
00000101100001001010
00001110011010111100
00000011011000111011
11110011101100110011
11110101000000010000
00000101011111000101
00001110011001101001
00000011011011101101
11110011101100100011
11110100111011110001
00000101011110101000
00001110011101100110
00000011011010100110
11110011100111000110
11110100111101110111
00000101100111110001
00001110011110101011
00000011010000111000
11110011100010000011
11110101000011101011
00000101101011101001
00001110011001110010
00000011001101101101
11110011100110110001
11110101000111011000
00000101101001001110
00001110011001001001
00000011010010011100
11110011101001001110
11110101000101001001
00000101101001100111
00001110011100000101
00000011001111000001
11110011100001011000
11110101000101101010
00000101110001111001
00001110011100011111
00000011000100101101
11110011011100000110
11110101001011101101
00000101110110011011
00001110011000011111
00000011000010011000
11110011100001011111
11110101001111101111
00000101110011101111
00001110010110110111
00000011000101100011
11110011100010010110
11110101001100111010
00000101110100111011
00001110011011011010
00000011000011100001
11110011011011010001
11110101001101110101
00000101111110000001
00001110011101011110
00000010111011100001
11110011011000000010
11110101010100111101
00000110000010101011
00001110011001000101
00000010111000010000
11110011011011101010
11110101010110100111
00000101111110000001
00001110010110100001
00000010111011001101
11110011011100010010
11110101010011000100
00000101111110000010
00001110011010000011
00000010111001000010
11110011010101111101
11110101010100101100
00000110000110100010
00001110011010010000
00000010101111010001
11110011010010010110
11110101011100110011
00000110001100011100
00001110010110010110
00000010101011011100
11110011010100110011
11110101011101101101
00000110001000001000
00001110010101000001
00000010110000000011
11110011010111010011
11110101011100010101
00000110001010100100
00001110011010011101
00000010101110101010
11110011010000011011
11110101011100001100
00000110010000011100
00001110011000000111
00000010100011010011
11110011001100100001
11110101100100101111
00000110010110111011
00001110010100111001
00000010100000100110
11110011010000101010
11110101100111100001
00000110010011111000
00001110010011100111
00000010100011101011
11110011010000100111
11110101100011110110
00000110010101001000
00001110011001000101
00000010100010111110
11110011001010101110
11110101100100110111
00000110011100100001
00001110011000011111
00000010011001001010
11110011000111010101
11110101101100100010
00000110100001010110
00001110010011111001
00000010010101110001
11110011001010111110
11110101101110010100
00000110011100111101
00001110010001011001
00000010011000010001
11110011001011001001
11110101101011010001
00000110011110011111
00001110010110001010
00000010010110001010
11110011000011110110
11110101101011011101
00000110100101101110
00001110010110011011
00000010001110101101
11110011000011110000
11110101110101101001
00000110101010100101
00001110001111010100
00000010000111110111
11110011000101000010
11110101110111011111
00000110101000011110
00001110001111111101
00000010001100110011
11110011000110010110
11110101110100101011
00000110101001111100
00001110010100100010
00000010001010010101
11110010111110100011
11110101110100010001
00000110110000010111
00001110010011110100
00000010000001100110
11110010111101001000
11110101111101100101
00000110110101101011
00001110001110100011
00000001111100110001
11110010111111000101
11110101111110010100
00000110110001101110
00001110001110000000
00000010000001110100
11110011000001100101
11110101111101000101
00000110110100000010
00001110010010001110
00000001111110011110
11110010111001101001
11110101111101101000
00000110111011110010
00001110010010001100
00000001110101101101
11110010110111110011
11110110000110100010
00000111000001000001
00001110001101100100
00000001110010001110
11110010111010111101
11110110000111100000
00000110111100000110
00001110001011010011
00000001110101011100
11110010111100000010
11110110000101011001
00000110111110001001
00001110001111100101
00000001110010001111
11110010110100001101
11110110000101111011
00000111000101110111
00001110001111100101
00000001101001100000
11110010110010001100
11110110001110100011
00000111001011010011
00001110001100000111
00000001100111101101
11110010110110101010
11110110001111110101
00000111000101111101
00001110001001011110
00000001101011000011
11110010111000001111
11110110001110000111
00000111000111100011
00001110001100010010
00000001100110001000
11110010101111100000
11110110001111001001
00000111010000110100
00001110001110010111
00000001011111010110
11110010101110100100
11110110010111010001
00000111010100000111
00001110001000000101
00000001011011010110
11110010110010010000
11110110011001100001
00000111010001001010
00001110000111110011
00000001011111011011
11110010110010110011
11110110010110100001
00000111010011000010
00001110001100111011
00000001011101101100
11110010101100001110
11110110010110111101
00000111011000101000
00001110001001101100
00000001010010100110
11110010101010000100
11110110100001000111
00000111011111110101
00001110000111000011
00000001010000001110
11110010101100110001
11110110100000100101
00000111011001101110
00001110000100011001
00000001010011011100
11110010101101111100
11110110011111000010
00000111011100110000
00001110001001110000
00000001010001011001
11110010100111011111
11110110100000011100
00000111100011110100
00001110001000000000
00000001000111010000
11110010100100111000
11110110101000100000
00000111101000000100
00001110000011001101
00000001000100100000
11110010101000110001
11110110101001101001
00000111100011010001
00001110000001010100
00000001001000000100
11110010101010000101
11110110101000000011
00000111100101110001
00001110000101100001
00000001000100101101
11110010100011001101
11110110101010100100
00000111101111000000
00001110000101110010
00000000111011100001
11110010100000010110
11110110110001011001
00000111110001110110
00001110000000010000
00000000111001000100
11110010100101011001
11110110110100011110
00000111101111100001
00001110000000010010
00000000111100101100
11110010100100010111
11110110101111000001
00000111101110101011
00001110000011010001
00000000111010011111
11110010011111110011
11110110110011001111
00000111110111110111
00001110000010011111
00000000110001000001
11110010011110011001
11110110111100101010
00000111111100111011
00001101111101010100
00000000101100101110
11110010100000001110
11110110111100100011
00000111111000010101
00001101111100001110
00000000101111111010
11110010011111010010
11110110110111110010
00000111111000001110
00001101111111001000
00000000101100101011
11110010011001100010
11110110111011110000
00001000000010110001
00001110000000111111
00000000100101110110
11110010011001001111
11110111000011111111
00001000000101001111
00001101111001101001
00000000100000111101
11110010011011110010
11110111000100111101
00001000000001011101
00001101111001000000
00000000100100100110
11110010011011100110
11110111000001000001
00001000000001111110
00001101111100010010
00000000100001111101
11110010010111000101
11110111000110000101
00001000001011111001
00001101111011011010
00000000010111101010
11110010010100011110
11110111001110011010
00001000010000101101
00001101110111011000
00000000010101000110
11110010010111001000
11110111001101101111
00001000001011001110
00001101110110010000
00000000011001001111
11110010010111011100
11110111001001110100
00001000001011010000
00001101111000101001
00000000010101010100
11110010010001001110
11110111001101000111
00001000010100000111
00001101110111111010
00000000001100010000
11110010010000000011
11110111010110001011
00001000011000101111
00001101110011001111
00000000001001010000
11110010010011001001
11110111010111000111
00001000010101110000
00001101110100101001
00000000001111010011
11110010010100110000
11110111010100001111
00001000010110101100
00001101110111100010
00000000001011100000
11110010001110100100
11110111010111001110
00001000011110011111
00001101110101001101
00000000000001000110
11110010001100111100
11110111100000100100
00001000100011011101
00001101110000100110
11111111111101111111
11110010001111101100
11110111100000110000
00001000011111010000
00001101110000010100
00000000000010000001
11110010001111011010
11110111011100100011
00001000011111011100
00001101110011000100
11111111111110111010
11110010001010110011
11110111100001100001
00001000101000110010
00001101110001011100
11111111110100100000
11110010001000011110
11110111101001010100
00001000101011110001
00001101101011010000
11111111110000101101
11110010001011010111
11110111101010010000
00001000101000111001
00001101101100110111
11111111110110110000
11110010001100110001
11110111100111010001
00001000101001110101
00001101101111111101
11111111110011110000
11110010001000000110
11110111101011111001
00001000110010111001
00001101101110110010
11111111101010101100
11110010000111010111
11110111110100110000
00001000110110001100
00001101101000100100
11111111100110110001
11110010001001110000
11110111110100110010
00001000110010010001
00001101101000111000
11111111101010111010
11110010001000101000
11110111101111010011
00001000110001100110
00001101101011100010
11111111101000010110
11110010000100100110
11110111110100000111
00001000111001111011
00001101101000111011
11111111011110000011
11110010000011101110
11110111111110000010
00001000111110111111
00001101100100011010
11111111011011011010
11110010000111000000
11110111111110100011
00001000111011000011
00001101100100001110
11111111011111000011
11110010000110010111
11110111111010110001
00001000111100000001
00001101100110110001
11111111011010001010
11110001111111000001
11110111111101001111
00001001000100010000
00001101100110011110
11111111010011010101
11110010000000111000
11111000000111110010
00001001001000001110
00001101100000101110
11111111010000000110
11110010000011110010
11111000000111101011
00001001000011011101
00001101011111110010
11111111010011010010
11110010000010101100
11111000000011000101
00001001000011010110
00001101100001100111
11111111001110111111
11110001111101100001
11111000001000001001
00001001001100110001
00001101100000001101
11111111000101100001
11110001111100101111
11111000010001010101
00001001010000111111
00001101011011101001
11111111000011010100
11110001111111101110
11111000010000011111
00001001001011100010
00001101011010100111
11111111000110111100
11110001111111110000
11111000001110001010
00001001001110100111
00001101011111101010
11111111000100011111
11110001111010001110
11111000010001000000
00001001010101011100
00001101011100110011
11111110111011010011
11110001111010011111
11111000011010001111
00001001010111111101
00001101010101111011
11111110110111111100
11110001111110101100
11111000011100101111
00001001010110010111
00001101010111001111
11111110111011100000
11110001111100110011
11111000010111111100
00001001010111100000
00001101011011001000
11111110111000110000
11110001111000000000
11111000011100001100
00001001011111100100
00001101011000100001
11111110101110100111
11110001110110010000
11111000100011010000
00001001100000111110
00001101010010000100
11111110101100100100
11110001111011100111
11111000100110010010
00001001011111011011
00001101010011001111
11111110101111110010
11110001111000111101
11111000100000001011
00001001011110111001
00001101010101111100
11111110101101011010
11110001110110010100
11111000100111011000
00001001101001000011
00001101010011110010
11111110100010010100
11110001110011000101
11111000101100111110
00001001101001011111
00001101001101001101
11111110100000100101
11110001111000001101
11111000101110110110
00001001100110011111
00001101001101110000
11111110100100101010
11110001110111111011
11111000101011111001
00001001101000101111
00001101010001011100
11111110100000101010
11110001110001101001
11111000101111001100
00001001110000110111
00001101010000100000
11111110011001111000
11110001110011101110
11111000111000011101
00001001110001111001
00001101000111110001
11111110010100111101
11110001110110100010
11111000111010000011
00001001110000001011
00001101001001010110
11111110011000010011
11110001110011111001
11111000110100101101
00001001110001011101
00001101001101110100
11111110010110100000
11110001110000011011
11111000111010001001
00001001111010000101
00001101001011110011
11111110001101110001
11110001110000011011
11111001000001110111
00001001111010100111
00001101000011111110
11111110001010100100
11110001110100101101
11111001000011111010
00001001111000100000
00001101000101000011
11111110001101110010
11110001110010011100
11111000111110111111
00001001111001011110
00001101001000001101
11111110001010010011
11110001101101110100
11111001000100001110
00001010000010011000
00001101000110010111
11111110000001100010
11110001101101110010
11111001001011111110
00001010000010111011
00001100111110011011
11111101111110001100
11110001110010000000
11111001001110010010
00001010000001101100
00001101000000111011
11111110000011001111
11110001110001011101
11111001001010010101
00001010000010011011
00001101000010111000
11111101111110011010
11110001101100001100
11111001001111101001
00001010001011101111
00001101000001011101
11111101110101101011
11110001101011011110
11111001010110000100
00001010001011010101
00001100111001101010
11111101110011001101
11110001110000000011
11111001010111100010
00001010001000100001
00001100111010111110
11111101111000001001
11110001110000101100
11111001010101011011
00001010001010010111
00001100111100010000
11111101110001010011
11110001101001100101
11111001011010010010
00001010010100100011
00001100111100001010
11111101101001110110
11110001101001110110
11111001100001100001
00001010010100101111
00001100110100110111
11111101100111101111
11110001101110100111
11111001100011000011
00001010010001101100
00001100110101000010
11111101101010001111
11110001101100000111
11111001011110101010
00001010010011011110
00001100111000101011
11111101100110110110
11110001100111100001
11111001100011011111
00001010011011001001
00001100110101010010
11111101011101000010
11110001100110111011
11111001101010111000
00001010011100001010
00001100101111011001
11111101011100010101
11110001101100011001
11111001101100001000
00001010011000011111
00001100101111010110
11111101011111011010
11110001101011000111
11111001101001000101
00001010011011010001
00001100110011011111
11111101011100101101
11110001100111111001
11111001101111100100
00001010100011110100
00001100101111100101
11111101010001010110
11110001100101100011
11111001110101011100
00001010100011101011
00001100101000101101
11111101001111111101
11110001101010111111
11111001110111111000
00001010100010010011
00001100101011001101
11111101010100100100
11110001101001101010
11111001110011100100
00001010100011001101
00001100101101101010
11111101010000101111
11110001100101110000
11111001111001011110
00001010101011010100
00001100101010000011
11111101000110111110
11110001100101111101
11111010000001111110
00001010101100111100
00001100100011101110
11111101000100110011
11110001101001011111
11111010000001111111
00001010101001011001
00001100100100010110
11111101000111110000
11110001100110111011
11111001111101010101
00001010101011000011
00001100100111111110
11111101000100011111
11110001100010100010
11111010000001111111
00001010110010001011
00001100100100101111
11111100111100011111
11110001100100100110
11111010001011000101
00001010110011000110
00001100011101101010
11111100111010011101
11110001101001001001
11111010001100010001
00001010110000010001
00001100011110100001
11111100111101101000
11110001100111100001
11111010001001100101
00001010110100010011
00001100100011111010
11111100111011010011
11110001100011100001
11111010001110000111
00001010111010010110
00001100011110101000
11111100110000111111
11110001100011111011
11111010010110011001
00001010111010110111
00001100010110110010
11111100101101100100
11110001100110110111
11111010010110110010
00001010111000101000
00001100011001001111
11111100110010010011
11110001100110001110
11111010010100010111
00001010111100010101
00001100011101111101
11111100101111001000
11110001100001010101
11111010011000001111
00001011000010001001
00001100011000111010
11111100100101011010
11110001100010011010
11111010100001011000
00001011000100001111
00001100010011011101
11111100100100010011
11110001100110010111
11111010100000111011
00001010111111110000
00001100010011001101
11111100100111000101
11110001100101000100
11111010011110110110
00001011000011101000
00001100010111001001
11111100100010110101
11110001100000001111
11111010100100001010
00001011001011011011
00001100010011100000
11111100011001001111
11110001011111110011
11111010101010011000
00001011001010010010
00001100001100001110
11111100011000100010
11110001100101110110
11111010101100011011
00001011000111100010
00001100001100010011
11111100011010000000
11110001100010001111
11111010101000001111
00001011001010110001
00001100010001101010
11111100011000100001
11110001011111111100
11111010101110101011
00001011010010000111
00001100001101010000
11111100001111010100
11110001100001001100
11111010110110101101
00001011010001110011
00001100000101001110
11111100001100110010
11110001100101011100
11111010111000001000
00001011001111111010
00001100000110111011
11111100001111101010
11110001100010100011
11111010110011111100
00001011010010011011
00001100001010110000
11111100001100010011
11110001011110101010
11111010111001001111
00001011011000111110
00001100000101110111
11111100000010111001
11110001100000000101
11111011000001111001
00001011011001100111
00001011111110110111
11111100000000101101
11110001100011100111
11111011000010001010
00001011010111001110
00001100000001001010
11111100000100101110
11110001100001010110
11111010111101100000
00001011011000100110
00001100000100001010
11111100000001101111
11110001011110111010
11111011000100000110
00001011011111001011
00001011111110000101
11111011110110111010
11110001011111010101
11111011001100100100
00001011100000110000
00001011111000111111
11111011110110110011
11110001100100001010
11111011001100100111
00001011011100111010
00001011111001100110
11111011111010001011
11110001100011010000
11111011001011010001
00001011100001101101
00001011111110001110
11111011110110010001
11110001011110011000
11111011001111101011
00001011100111100001
00001011111000110101
11111011101100100111
11110001011111001100
11111011010110110100
00001011100110011000
00001011110001001000
11111011101011011101
11110001100100111010
11111011011001011101
00001011100101110110
00001011110100010110
11111011101111011111
11110001100010011011
11111011010100111010
00001011100111001010
00001011110110011000
11111011101010101111
11110001011110011011
11111011011011000000
00001011101110011111
00001011110001111100
11111011100001011000
11110001011110110110
11111011100001001111
00001011101100100010
00001011101001101000
11111011011111100100
11110001100011010110
11111011100010010000
00001011101010011000
00001011101011100101
11111011100010110010
11110001100001000110
11111011011111011011
00001011101110101100
00001011110001000111
11111011100001001000
11110001011110111111
11111011100101101011
00001011110100101101
00001011101010111011
11111011010110111111
11110001100000000101
11111011101101101010
00001011110100011000
00001011100011100111
11111011010101010100
11110001100100011100
11111011101110100011
00001011110010010010
00001011100101011100
11111011011000011001
11110001100010010011
11111011101100001010
00001011110110100100
00001011101001100111
11111011010100000100
11110001011101010011
11111011110000100100
00001011111100010001
00001011100100011010
11111011001011011111
11110001011111101001
11111011111000111001
00001011111011111000
00001011011101011010
11111011001010100000
11110001100100001101
11111011111001001010
00001011111000111101
00001011011111000011
11111011001101111001
11110001100010000000
11111011110101100100
00001011111011010100
00001011100001111110
11111011001010010001
11110001011111010011
11111011111100011010
00001100000010010010
00001011011100110100
11111011000000111001
11110001100000011100
11111100000011100100
00001100000001101001
00001011010110110111
11111011000001110111
11110001100110111001
11111100000100111101
00001011111110101010
00001011010111001000
11111011000011010110
11110001100011110110
11111100000010011110
00001100000011000010
00001011011011001000
11111010111110111111
11110001011111011001
11111100000111101100
00001100001001000110
00001011010101101101
11111010110101110000
11110001100000110000
11111100001110111000
00001100001000001111
00001011001111100111
11111010110110110111
11110001100111011101
11111100010000010100
00001100000100110011
00001011001110111101
11111010110111001001
11110001100011000010
11111100001100100011
00001100001000011111
00001011010011010010
11111010110100000110
11110001100000010111
11111100010011000110
00001100001110110100
00001011001101010100
11111010101010000111
11110001100000111110
11111100011001011011
00001100001101010010
00001011000110111100
11111010101011010111
11110001101000001011
11111100011011111000
00001100001011010001
00001011000111100100
11111010101100001011
11110001100011101011
11111100010111110111
00001100001110101000
00001011001011001010
11111010101000000100
11110001100000000001
11111100011110000001
00001100010101100110
00001011000111000101
11111010100001000000
11110001100011110001
11111100100110110100
00001100010101010011
00001011000000110011
11111010100001010010
11110001101001001001
11111100100111000011
00001100010001010110
00001011000000001011
11111010100001110011
11110001100101010101
11111100100100011001
00001100010110000100
00001011000100101111
11111010011110001101
11110001100001110111
11111100101010000010
00001100011011011111
00001010111110010101
11111010010100101011
11110001100011011000
11111100110001010011
00001100011010101010
00001010111000011100
11111010010101110000
11110001101001101001
11111100110010100001
00001100011000000000
00001010111001000000
11111010010110101111
11110001100101011101
11111100101111011001
00001100011100101111
00001010111101111110
11111010010011011110
11110001100001110000
11111100110011111110
00001100100000100110
00001010110110001101
11111010001001011000
11110001100011101101
11111100111100011010
00001100100001011110
00001010110010011010
11111010001100100000
11110001101011010011
11111100111101111100
00001100011110000100
00001010110001101010
11111010001100001000
11110001100110001111
11111100111010001100
00001100100001111100
00001010110101010010
11111010000111100101
11110001100001111000
11111100111110111111
00001100100110110110
00001010101111100010
11111010000000000100
11110001100101101010
11111101000111001011
00001100100101010111
00001010101000010100
11111010000000001010
11110001101011011101
11111101001000011100
00001100100011000101
00001010101001001110
11111010000001000101
11110001100110111000
11111101000100011011
00001100100110010011
00001010101100100110
11111001111101101100
11110001100101100101
11111101001101011101
00001100101110110001
00001010101000000110
11111001110100101101
11110001100110001011
11111101010010011101
00001100101011100111
00001010100001010101
11111001110110100000
11110001101101100111
11111101010100101000
00001100101001100010
00001010100010000111
11111001110111010000
11110001101001000000
11111101010000110011
00001100101100111011
00001010100101010101
11111001110011000110
11110001100110000000
11111101010111000001
00001100110010001001
00001010011110011110
11111001101001101010
11110001100111111110
11111101011110001011
00001100110000111010
00001010011000100001
11111001101011000010
11110001101110001110
11111101011111001101
00001100101110001101
00001010011001001000
11111001101100000100
11110001101010111111
11111101011110000100
00001100110100101000
00001010011110001010
11111001100111110010
11110001100110011100
11111101100010010111
00001100111000100010
00001010010111000010
11111001011111000110
11110001101001100011
11111101101010101100
00001100111000010110
00001010010010001111
11111001100001001111
11110001101111110010
11111101101011000111
00001100110101010110
00001010010011010010
11111001100011000010
11110001101100010110
11111101101000001000
00001100111000110110
00001010010101111010
11111001011110000101
11110001101001000001
11111101101110100011
00001100111110101010
00001010010000000000
11111001010101111000
11110001101011101001
11111101110101010001
00001100111100010100
00001010001001010001
11111001010110110000
11110001110001010010
11111101110101110001
00001100111001110100
00001010001010110110
11111001011000110010
11110001101110000011
11111101110011001000
00001100111101101010
00001010001101101011
11111001010100001111
11110001101011010011
11111101111001110100
00001101000010101111
00001010000110010101
11111001001010101111
11110001101101110100
11111110000001110101
00001101000010110010
00001010000010000011
11111001001101001010
11110001110011011010
11111110000000110111
00001100111101110011
00001010000000011111
11111001001100000111
11110001101110010100
11111101111110001010
00001101000010110101
00001010000100100010
11111001000111110001
11110001101010110101
11111110000100000001
00001101001000001100
00001001111111000100
11111001000001001110
11110001101111101001
11111110001100011101
00001101000110111111
00001001111001001000
11111001000010011010
11110001110100110010
11111110001011110001
00001101000011001000
00001001111001100101
11111001000011110000
11110001110001100011
11111110001001111000
00001101000111110011
00001001111100011010
11111000111110001011
11110001101101011100
11111110001111110000
00001101001101011111
00001001110111100011
11111000111000011000
11110001110010100011
11111110010111010000
00001101001001111100
00001001101110101101
11111000110111101111
11110001111000001100
11111110011001010110
00001101001001010110
00001001110000101010
11111000110111111111
11110001110010100011
11111110010101100011
00001101001101101101
00001001110100111000
11111000110100110100
11110001110000011000
11111110011011001101
00001101010000010110
00001001101011010011
11111000101010110110
11110001110011101101
11111110100011110100
00001101010000001010
00001001100110100011
11111000101101000100
11110001111001101111
11111110100100001100
00001101001101011110
00001001100111101010
11111000101110010000
11110001110110000010
11111110100010000001
00001101010010001110
00001001101011000010
11111000101001110101
11110001110011001101
11111110101000010000
00001101010110110110
00001001100100010011
11111000100010001111
11110001110111000100
11111110101111011110
00001101010100101010
00001001011110100001
11111000100100110100
11110001111110001110
11111110110001000010
00001101010010111010
00001001011111111110
11111000100101010111
11110001111000111000
11111110101100101001
00001101010101001011
00001001100001000000
11111000011111010100
11110001110101100100
11111110110011010010
00001101011010100011
00001001011011000101
11111000011000101110
11110001111010101100
11111110111011101111
00001101011001001010
00001001010101000111
11111000011001111000
11110001111111100011
11111110111011010001
00001101010110100010
00001001010111000110
11111000011100001110
11110001111101001010
11111110111010010011
00001101011011010010
00001001011000011100
11111000010100010101
11110001110111000010
11111110111110101010
00001101011111101101
00001001010010110011
11111000001110010110
11110001111011111100
11111111000101110011
00001101011100101010
00001001001011101101
11111000001111001010
11110010000001010001
11111111000110010100
00001101011011000010
00001001001110000101
11111000010001000100
11110001111110010000
11111111000101100000
00001101100001010101
00001001010010000010
11111000001100000010
11110001111010001001
11111111001010001110
00001101100100100110
00001001001010101101
11111000000100111001
11110001111110101011
11111111010001011001
00001101100001101011
00001001000100000110
11111000000110101010
11110010000101000100
11111111010010101010
00001101100000010000
00001001000110000001
11111000000111101110
11110010000000110110
11111111010000001111
00001101100100100010
00001001001000000011
11111000000001011010
11110001111100011010
11111111010101010100
00001101101000011000
00001001000001100011
11110111111011011000
11110010000010001011
11111111011101011111
00001101100110010000
00001000111011100010
11110111111101011001
11110010001000010101
11111111011110000101
00001101100011111110
00001000111100101011
11110111111101110101
11110010000011101101
11111111011011001110
00001101100111001110
00001000111101010101
11110111110111000100
11110010000000011011
11111111100010010101
00001101101100101011
00001000110111010001
11110111110000010111
11110010000100110101
11111111101001000000
00001101101001100100
00001000110000111110
11110111110010011101
11110010001010111101
11111111101001110000
00001101101000001001
00001000110011101011
11110111110100101000
11110010000111110000
11111111100111101110
